<?xml version="1.0" encoding="UTF-8"?>
<robot generator="Robot 3.2.2 (Python 3.9.1 on win32)" generated="20210203 21:53:35.997" rpa="false">
<suite id="s1" name="PRUEBA01" source="C:\Udemy AutomatizaciÃ³n\PRUEBA01.robot">
<test id="s1-t1" name="Prueba001">
<kw name="Abre_Espera_Browser" library="RECURSOS">
<kw name="Open Browser" library="SeleniumLibrary">
<doc>Opens a new browser instance to the optional ``url``.</doc>
<arguments>
<arg>${URL2}</arg>
<arg>${navegador}</arg>
</arguments>
<msg timestamp="20210203 21:53:36.262" level="INFO">Opening browser 'chrome' to base url 'http://automationpractice.com/index.php'.</msg>
<status status="PASS" starttime="20210203 21:53:36.262" endtime="20210203 21:53:43.941"></status>
</kw>
<status status="PASS" starttime="20210203 21:53:36.262" endtime="20210203 21:53:43.941"></status>
</kw>
<kw name="Set Global Variable" library="BuiltIn">
<doc>Makes a variable available globally in all tests and suites.</doc>
<arguments>
<arg>@{Nombre_contenedores}</arg>
<arg>//*[@id="homefeatured"]/li[1]/div/div[2]/h5/a</arg>
</arguments>
<msg timestamp="20210203 21:53:43.941" level="INFO">@{Nombre_contenedores} = [ //*[@id="homefeatured"]/li[1]/div/div[2]/h5/a ]</msg>
<status status="PASS" starttime="20210203 21:53:43.941" endtime="20210203 21:53:43.941"></status>
</kw>
<kw name="${LOOP} IN [ @{Nombre_contenedores} ]" type="for">
<kw name="${LOOP} = //*[@id=&quot;homefeatured&quot;]/li[1]/div/div[2]/h5/a" type="foritem">
<kw name="Wait Until Element Is Visible" library="SeleniumLibrary">
<doc>Waits until the element ``locator`` is visible.</doc>
<arguments>
<arg>xpath=@{Nombre_contenedores}</arg>
</arguments>
<kw name="Capture Page Screenshot" library="SeleniumLibrary">
<doc>Takes a screenshot of the current page and embeds it into a log file.</doc>
<msg timestamp="20210203 21:53:44.356" level="INFO" html="yes">&lt;/td&gt;&lt;/tr&gt;&lt;tr&gt;&lt;td colspan="3"&gt;&lt;a href="selenium-screenshot-19.png"&gt;&lt;img src="selenium-screenshot-19.png" width="800px"&gt;&lt;/a&gt;</msg>
<status status="PASS" starttime="20210203 21:53:43.960" endtime="20210203 21:53:44.357"></status>
</kw>
<msg timestamp="20210203 21:53:44.361" level="FAIL">InvalidSelectorException: Message: invalid selector: Unable to locate an element with the xpath expression ['//*[@id="homefeatured"]/li[1]/div/div[2]/h5/a'] because of the following error:
SyntaxError: Failed to execute 'evaluate' on 'Document': The string '['//*[@id="homefeatured"]/li[1]/div/div[2]/h5/a']' is not a valid XPath expression.
  (Session info: chrome=88.0.4324.146)
</msg>
<status status="FAIL" starttime="20210203 21:53:43.942" endtime="20210203 21:53:44.361"></status>
</kw>
<status status="FAIL" starttime="20210203 21:53:43.941" endtime="20210203 21:53:44.361"></status>
</kw>
<status status="FAIL" starttime="20210203 21:53:43.941" endtime="20210203 21:53:44.361"></status>
</kw>
<status status="FAIL" starttime="20210203 21:53:36.260" endtime="20210203 21:53:44.361" critical="yes">InvalidSelectorException: Message: invalid selector: Unable to locate an element with the xpath expression ['//*[@id="homefeatured"]/li[1]/div/div[2]/h5/a'] because of the following error:
SyntaxError: Failed to execute 'evaluate' on 'Document': The string '['//*[@id="homefeatured"]/li[1]/div/div[2]/h5/a']' is not a valid XPath expression.
  (Session info: chrome=88.0.4324.146)
</status>
</test>
<status status="FAIL" starttime="20210203 21:53:35.999" endtime="20210203 21:53:44.364"></status>
</suite>
<statistics>
<total>
<stat pass="0" fail="1">Critical Tests</stat>
<stat pass="0" fail="1">All Tests</stat>
</total>
<tag>
</tag>
<suite>
<stat pass="0" fail="1" id="s1" name="PRUEBA01">PRUEBA01</stat>
</suite>
</statistics>
<errors>
</errors>
</robot>
